<?xml version="1.0" encoding="UTF-8"?>
<testng-results skipped="0" failed="0" total="2" passed="2">
  <reporter-output>
  </reporter-output>
  <suite name="Suite" duration-ms="24914" started-at="2013-05-03T07:57:35Z" finished-at="2013-05-03T07:58:00Z">
    <groups>
      <group name="easy">
        <method signature="TC_JIRA_BASE_001.JIRA_BASE_001(java.lang.String)[pri:0, instance:com.wonders.testcases.base.TC_JIRA_BASE_001@5299e4]" name="JIRA_BASE_001" class="com.wonders.testcases.base.TC_JIRA_BASE_001"/>
        <method signature="TC_JIRA_BASE_002.JIRA_BASE_002()[pri:0, instance:com.wonders.testcases.base.TC_JIRA_BASE_002@bbe647]" name="JIRA_BASE_002" class="com.wonders.testcases.base.TC_JIRA_BASE_002"/>
      </group> <!-- easy -->
      <group name="base">
        <method signature="TC_JIRA_BASE_001.JIRA_BASE_001(java.lang.String)[pri:0, instance:com.wonders.testcases.base.TC_JIRA_BASE_001@5299e4]" name="JIRA_BASE_001" class="com.wonders.testcases.base.TC_JIRA_BASE_001"/>
        <method signature="TC_JIRA_BASE_002.JIRA_BASE_002()[pri:0, instance:com.wonders.testcases.base.TC_JIRA_BASE_002@bbe647]" name="JIRA_BASE_002" class="com.wonders.testcases.base.TC_JIRA_BASE_002"/>
      </group> <!-- base -->
      <group name="checkVer">
        <method signature="TC_JIRA_BASE_001.JIRA_BASE_001(java.lang.String)[pri:0, instance:com.wonders.testcases.base.TC_JIRA_BASE_001@5299e4]" name="JIRA_BASE_001" class="com.wonders.testcases.base.TC_JIRA_BASE_001"/>
      </group> <!-- checkVer -->
      <group name="test2">
        <method signature="TC_JIRA_BASE_002.JIRA_BASE_002()[pri:0, instance:com.wonders.testcases.base.TC_JIRA_BASE_002@bbe647]" name="JIRA_BASE_002" class="com.wonders.testcases.base.TC_JIRA_BASE_002"/>
      </group> <!-- test2 -->
    </groups>
    <test name="Test" duration-ms="24914" started-at="2013-05-03T07:57:35Z" finished-at="2013-05-03T07:58:00Z">
      <class name="com.wonders.testcases.base.TC_JIRA_BASE_002">
        <test-method status="PASS" signature="setup(java.lang.String)[pri:0, instance:com.wonders.testcases.base.TC_JIRA_BASE_002@bbe647]" name="setup" is-config="true" duration-ms="11566" started-at="2013-05-03T15:57:35Z" finished-at="2013-05-03T15:57:46Z">
          <params>
            <param index="0">
              <value>
                <![CDATA[Chrome]]>
              </value>
            </param>
          </params>
          <reporter-output>
          </reporter-output>
        </test-method> <!-- setup -->
        <test-method status="PASS" signature="JIRA_BASE_002()[pri:0, instance:com.wonders.testcases.base.TC_JIRA_BASE_002@bbe647]" name="JIRA_BASE_002" duration-ms="1999" started-at="2013-05-03T15:57:46Z" description="验证alert，confirm" finished-at="2013-05-03T15:57:48Z">
          <reporter-output>
          </reporter-output>
        </test-method> <!-- JIRA_BASE_002 -->
        <test-method status="PASS" signature="cleanup()[pri:0, instance:com.wonders.testcases.base.TC_JIRA_BASE_002@bbe647]" name="cleanup" is-config="true" duration-ms="11333" started-at="2013-05-03T15:57:48Z" finished-at="2013-05-03T15:58:00Z">
          <reporter-output>
          </reporter-output>
        </test-method> <!-- cleanup -->
      </class> <!-- com.wonders.testcases.base.TC_JIRA_BASE_002 -->
      <class name="com.wonders.testcases.base.PRE_ACTION">
        <test-method status="PASS" signature="delOldFileData()[pri:0, instance:com.wonders.testcases.base.PRE_ACTION@12ce7c6]" name="delOldFileData" is-config="true" duration-ms="10" started-at="2013-05-03T15:57:35Z" finished-at="2013-05-03T15:57:35Z">
          <reporter-output>
          </reporter-output>
        </test-method> <!-- delOldFileData -->
      </class> <!-- com.wonders.testcases.base.PRE_ACTION -->
      <class name="com.wonders.testcases.base.TC_JIRA_BASE_001">
        <test-method status="PASS" signature="setup(java.lang.String)[pri:0, instance:com.wonders.testcases.base.TC_JIRA_BASE_001@5299e4]" name="setup" is-config="true" duration-ms="11529" started-at="2013-05-03T15:57:35Z" finished-at="2013-05-03T15:57:46Z">
          <params>
            <param index="0">
              <value>
                <![CDATA[Chrome]]>
              </value>
            </param>
          </params>
          <reporter-output>
          </reporter-output>
        </test-method> <!-- setup -->
        <test-method status="PASS" signature="JIRA_BASE_001(java.lang.String)[pri:0, instance:com.wonders.testcases.base.TC_JIRA_BASE_001@5299e4]" name="JIRA_BASE_001" duration-ms="5258" started-at="2013-05-03T15:57:46Z" description="登录系统，校验jira版本" finished-at="2013-05-03T15:57:51Z">
          <params>
            <param index="0">
              <value>
                <![CDATA[v5.0.7]]>
              </value>
            </param>
          </params>
          <reporter-output>
          </reporter-output>
        </test-method> <!-- JIRA_BASE_001 -->
        <test-method status="PASS" signature="cleanup()[pri:0, instance:com.wonders.testcases.base.TC_JIRA_BASE_001@5299e4]" name="cleanup" is-config="true" duration-ms="7222" started-at="2013-05-03T15:57:51Z" finished-at="2013-05-03T15:57:59Z">
          <reporter-output>
          </reporter-output>
        </test-method> <!-- cleanup -->
      </class> <!-- com.wonders.testcases.base.TC_JIRA_BASE_001 -->
    </test> <!-- Test -->
  </suite> <!-- Suite -->
</testng-results>
