<?xml version="1.0" encoding="UTF-8"?>
<testsuite name="Test"
           tests="9"
           failures="1"
           errors="0"
           skipped="8"
           time="0.002">
  <properties />
            <testcase name="springTestContextPrepareTestInstance" time="0.000" classname="com.wonders.testcases.issueFields.TC_JIRA_ISSUE_005">
                <failure type="java.lang.IllegalStateException"
                  message="Failed to load ApplicationContext"
              >
<![CDATA[java.lang.IllegalStateException: Failed to load ApplicationContext
  org.springframework.test.context.TestContext.getApplicationContext(TestContext.java:157)
  org.springframework.test.context.support.DependencyInjectionTestExecutionListener.injectDependencies(DependencyInjectionTestExecutionListener.java:109)
  org.springframework.test.context.support.DependencyInjectionTestExecutionListener.prepareTestInstance(DependencyInjectionTestExecutionListener.java:75)
  org.springframework.test.context.TestContextManager.prepareTestInstance(TestContextManager.java:321)
  org.springframework.test.context.testng.AbstractTestNGSpringContextTests.springTestContextPrepareTestInstance(AbstractTestNGSpringContextTests.java:133)
  sun.reflect.NativeMethodAccessorImpl.invoke0(Native Method)
  sun.reflect.NativeMethodAccessorImpl.invoke(NativeMethodAccessorImpl.java:57)
  sun.reflect.DelegatingMethodAccessorImpl.invoke(DelegatingMethodAccessorImpl.java:43)
  java.lang.reflect.Method.invoke(Method.java:601)
  org.testng.internal.MethodInvocationHelper.invokeMethod(MethodInvocationHelper.java:80)
  org.testng.internal.Invoker.invokeConfigurationMethod(Invoker.java:564)
  org.testng.internal.Invoker.invokeConfigurations(Invoker.java:213)
  org.testng.internal.Invoker.invokeConfigurations(Invoker.java:138)
  org.testng.internal.TestMethodWorker.invokeBeforeClassMethods(TestMethodWorker.java:175)
  org.testng.internal.TestMethodWorker.run(TestMethodWorker.java:107)
  org.testng.TestRunner.privateRun(TestRunner.java:767)
  org.testng.TestRunner.run(TestRunner.java:617)
  org.testng.SuiteRunner.runTest(SuiteRunner.java:334)
  org.testng.SuiteRunner.runSequentially(SuiteRunner.java:329)
  org.testng.SuiteRunner.privateRun(SuiteRunner.java:291)
  org.testng.SuiteRunner.run(SuiteRunner.java:240)
  org.testng.SuiteRunnerWorker.runSuite(SuiteRunnerWorker.java:52)
  org.testng.SuiteRunnerWorker.run(SuiteRunnerWorker.java:86)
  org.testng.TestNG.runSuitesSequentially(TestNG.java:1203)
  org.testng.TestNG.runSuitesLocally(TestNG.java:1128)
  org.testng.TestNG.run(TestNG.java:1036)
  org.testng.remote.RemoteTestNG.run(RemoteTestNG.java:111)
  org.testng.remote.RemoteTestNG.initAndRun(RemoteTestNG.java:204)
  org.testng.remote.RemoteTestNG.main(RemoteTestNG.java:175)
Caused by: org.springframework.beans.factory.BeanDefinitionStoreException: Unexpected exception parsing XML document from class path resource [applicationContext.xml]; nested exception is java.lang.NoClassDefFoundError: org/w3c/dom/ElementTraversal
  org.springframework.beans.factory.xml.XmlBeanDefinitionReader.doLoadBeanDefinitions(XmlBeanDefinitionReader.java:412)
  org.springframework.beans.factory.xml.XmlBeanDefinitionReader.loadBeanDefinitions(XmlBeanDefinitionReader.java:334)
  org.springframework.beans.factory.xml.XmlBeanDefinitionReader.loadBeanDefinitions(XmlBeanDefinitionReader.java:302)
  org.springframework.beans.factory.support.AbstractBeanDefinitionReader.loadBeanDefinitions(AbstractBeanDefinitionReader.java:174)
  org.springframework.beans.factory.support.AbstractBeanDefinitionReader.loadBeanDefinitions(AbstractBeanDefinitionReader.java:209)
  org.springframework.beans.factory.support.AbstractBeanDefinitionReader.loadBeanDefinitions(AbstractBeanDefinitionReader.java:180)
  org.springframework.beans.factory.support.AbstractBeanDefinitionReader.loadBeanDefinitions(AbstractBeanDefinitionReader.java:243)
  org.springframework.test.context.support.AbstractGenericContextLoader.loadBeanDefinitions(AbstractGenericContextLoader.java:205)
  org.springframework.test.context.support.AbstractGenericContextLoader.loadContext(AbstractGenericContextLoader.java:100)
  org.springframework.test.context.support.AbstractGenericContextLoader.loadContext(AbstractGenericContextLoader.java:1)
  org.springframework.test.context.support.DelegatingSmartContextLoader.loadContext(DelegatingSmartContextLoader.java:228)
  org.springframework.test.context.TestContext.loadApplicationContext(TestContext.java:124)
  org.springframework.test.context.TestContext.getApplicationContext(TestContext.java:148)
  org.springframework.test.context.support.DependencyInjectionTestExecutionListener.injectDependencies(DependencyInjectionTestExecutionListener.java:109)
  org.springframework.test.context.support.DependencyInjectionTestExecutionListener.prepareTestInstance(DependencyInjectionTestExecutionListener.java:75)
  org.springframework.test.context.TestContextManager.prepareTestInstance(TestContextManager.java:321)
  org.springframework.test.context.testng.AbstractTestNGSpringContextTests.springTestContextPrepareTestInstance(AbstractTestNGSpringContextTests.java:133)
  sun.reflect.NativeMethodAccessorImpl.invoke0(Native Method)
  sun.reflect.NativeMethodAccessorImpl.invoke(NativeMethodAccessorImpl.java:57)
  sun.reflect.DelegatingMethodAccessorImpl.invoke(DelegatingMethodAccessorImpl.java:43)
  java.lang.reflect.Method.invoke(Method.java:601)
  org.testng.internal.MethodInvocationHelper.invokeMethod(MethodInvocationHelper.java:80)
  org.testng.internal.Invoker.invokeConfigurationMethod(Invoker.java:564)
  org.testng.internal.Invoker.invokeConfigurations(Invoker.java:213)
  org.testng.internal.Invoker.invokeConfigurations(Invoker.java:138)
  org.testng.internal.TestMethodWorker.invokeBeforeClassMethods(TestMethodWorker.java:175)
  org.testng.internal.TestMethodWorker.run(TestMethodWorker.java:107)
  org.testng.TestRunner.privateRun(TestRunner.java:767)
  org.testng.TestRunner.run(TestRunner.java:617)
  org.testng.SuiteRunner.runTest(SuiteRunner.java:334)
  org.testng.SuiteRunner.runSequentially(SuiteRunner.java:329)
  org.testng.SuiteRunner.privateRun(SuiteRunner.java:291)
  org.testng.SuiteRunner.run(SuiteRunner.java:240)
  org.testng.SuiteRunnerWorker.runSuite(SuiteRunnerWorker.java:52)
  org.testng.SuiteRunnerWorker.run(SuiteRunnerWorker.java:86)
  org.testng.TestNG.runSuitesSequentially(TestNG.java:1203)
  org.testng.TestNG.runSuitesLocally(TestNG.java:1128)
  org.testng.TestNG.run(TestNG.java:1036)
  org.testng.remote.RemoteTestNG.run(RemoteTestNG.java:111)
  org.testng.remote.RemoteTestNG.initAndRun(RemoteTestNG.java:204)
  org.testng.remote.RemoteTestNG.main(RemoteTestNG.java:175)
Caused by: java.lang.NoClassDefFoundError: org/w3c/dom/ElementTraversal
  java.lang.ClassLoader.defineClass1(Native Method)
  java.lang.ClassLoader.defineClass(ClassLoader.java:791)
  java.security.SecureClassLoader.defineClass(SecureClassLoader.java:142)
  java.net.URLClassLoader.defineClass(URLClassLoader.java:449)
  java.net.URLClassLoader.access$100(URLClassLoader.java:71)
  java.net.URLClassLoader$1.run(URLClassLoader.java:361)
  java.net.URLClassLoader$1.run(URLClassLoader.java:355)
  java.security.AccessController.doPrivileged(Native Method)
  java.net.URLClassLoader.findClass(URLClassLoader.java:354)
  java.lang.ClassLoader.loadClass(ClassLoader.java:423)
  sun.misc.Launcher$AppClassLoader.loadClass(Launcher.java:308)
  java.lang.ClassLoader.loadClass(ClassLoader.java:356)
  org.apache.xerces.parsers.AbstractDOMParser.startDocument(Unknown Source)
  org.apache.xerces.impl.xs.XMLSchemaValidator.startDocument(Unknown Source)
  org.apache.xerces.impl.dtd.XMLDTDValidator.startDocument(Unknown Source)
  org.apache.xerces.impl.XMLDocumentScannerImpl.startEntity(Unknown Source)
  org.apache.xerces.impl.XMLVersionDetector.startDocumentParsing(Unknown Source)
  org.apache.xerces.parsers.XML11Configuration.parse(Unknown Source)
  org.apache.xerces.parsers.XML11Configuration.parse(Unknown Source)
  org.apache.xerces.parsers.XMLParser.parse(Unknown Source)
  org.apache.xerces.parsers.DOMParser.parse(Unknown Source)
  org.apache.xerces.jaxp.DocumentBuilderImpl.parse(Unknown Source)
  org.springframework.beans.factory.xml.DefaultDocumentLoader.loadDocument(DefaultDocumentLoader.java:75)
  org.springframework.beans.factory.xml.XmlBeanDefinitionReader.doLoadBeanDefinitions(XmlBeanDefinitionReader.java:388)
  org.springframework.beans.factory.xml.XmlBeanDefinitionReader.loadBeanDefinitions(XmlBeanDefinitionReader.java:334)
  org.springframework.beans.factory.xml.XmlBeanDefinitionReader.loadBeanDefinitions(XmlBeanDefinitionReader.java:302)
  org.springframework.beans.factory.support.AbstractBeanDefinitionReader.loadBeanDefinitions(AbstractBeanDefinitionReader.java:174)
  org.springframework.beans.factory.support.AbstractBeanDefinitionReader.loadBeanDefinitions(AbstractBeanDefinitionReader.java:209)
  org.springframework.beans.factory.support.AbstractBeanDefinitionReader.loadBeanDefinitions(AbstractBeanDefinitionReader.java:180)
  org.springframework.beans.factory.support.AbstractBeanDefinitionReader.loadBeanDefinitions(AbstractBeanDefinitionReader.java:243)
  org.springframework.test.context.support.AbstractGenericContextLoader.loadBeanDefinitions(AbstractGenericContextLoader.java:205)
  org.springframework.test.context.support.AbstractGenericContextLoader.loadContext(AbstractGenericContextLoader.java:100)
  org.springframework.test.context.support.AbstractGenericContextLoader.loadContext(AbstractGenericContextLoader.java:1)
  org.springframework.test.context.support.DelegatingSmartContextLoader.loadContext(DelegatingSmartContextLoader.java:228)
  org.springframework.test.context.TestContext.loadApplicationContext(TestContext.java:124)
  org.springframework.test.context.TestContext.getApplicationContext(TestContext.java:148)
  org.springframework.test.context.support.DependencyInjectionTestExecutionListener.injectDependencies(DependencyInjectionTestExecutionListener.java:109)
  org.springframework.test.context.support.DependencyInjectionTestExecutionListener.prepareTestInstance(DependencyInjectionTestExecutionListener.java:75)
  org.springframework.test.context.TestContextManager.prepareTestInstance(TestContextManager.java:321)
  org.springframework.test.context.testng.AbstractTestNGSpringContextTests.springTestContextPrepareTestInstance(AbstractTestNGSpringContextTests.java:133)
  sun.reflect.NativeMethodAccessorImpl.invoke0(Native Method)
  sun.reflect.NativeMethodAccessorImpl.invoke(NativeMethodAccessorImpl.java:57)
  sun.reflect.DelegatingMethodAccessorImpl.invoke(DelegatingMethodAccessorImpl.java:43)
  java.lang.reflect.Method.invoke(Method.java:601)
  org.testng.internal.MethodInvocationHelper.invokeMethod(MethodInvocationHelper.java:80)
  org.testng.internal.Invoker.invokeConfigurationMethod(Invoker.java:564)
  org.testng.internal.Invoker.invokeConfigurations(Invoker.java:213)
  org.testng.internal.Invoker.invokeConfigurations(Invoker.java:138)
  org.testng.internal.TestMethodWorker.invokeBeforeClassMethods(TestMethodWorker.java:175)
  org.testng.internal.TestMethodWorker.run(TestMethodWorker.java:107)
  org.testng.TestRunner.privateRun(TestRunner.java:767)
  org.testng.TestRunner.run(TestRunner.java:617)
  org.testng.SuiteRunner.runTest(SuiteRunner.java:334)
  org.testng.SuiteRunner.runSequentially(SuiteRunner.java:329)
  org.testng.SuiteRunner.privateRun(SuiteRunner.java:291)
  org.testng.SuiteRunner.run(SuiteRunner.java:240)
  org.testng.SuiteRunnerWorker.runSuite(SuiteRunnerWorker.java:52)
  org.testng.SuiteRunnerWorker.run(SuiteRunnerWorker.java:86)
  org.testng.TestNG.runSuitesSequentially(TestNG.java:1203)
  org.testng.TestNG.runSuitesLocally(TestNG.java:1128)
  org.testng.TestNG.run(TestNG.java:1036)
  org.testng.remote.RemoteTestNG.run(RemoteTestNG.java:111)
  org.testng.remote.RemoteTestNG.initAndRun(RemoteTestNG.java:204)
  org.testng.remote.RemoteTestNG.main(RemoteTestNG.java:175)
Caused by: java.lang.ClassNotFoundException: org.w3c.dom.ElementTraversal
  java.net.URLClassLoader$1.run(URLClassLoader.java:366)
  java.net.URLClassLoader$1.run(URLClassLoader.java:355)
  java.security.AccessController.doPrivileged(Native Method)
  java.net.URLClassLoader.findClass(URLClassLoader.java:354)
  java.lang.ClassLoader.loadClass(ClassLoader.java:423)
  sun.misc.Launcher$AppClassLoader.loadClass(Launcher.java:308)
  java.lang.ClassLoader.loadClass(ClassLoader.java:356)
  java.lang.ClassLoader.defineClass1(Native Method)
  java.lang.ClassLoader.defineClass(ClassLoader.java:791)
  java.security.SecureClassLoader.defineClass(SecureClassLoader.java:142)
  java.net.URLClassLoader.defineClass(URLClassLoader.java:449)
  java.net.URLClassLoader.access$100(URLClassLoader.java:71)
  java.net.URLClassLoader$1.run(URLClassLoader.java:361)
  java.net.URLClassLoader$1.run(URLClassLoader.java:355)
  java.security.AccessController.doPrivileged(Native Method)
  java.net.URLClassLoader.findClass(URLClassLoader.java:354)
  java.lang.ClassLoader.loadClass(ClassLoader.java:423)
  sun.misc.Launcher$AppClassLoader.loadClass(Launcher.java:308)
  java.lang.ClassLoader.loadClass(ClassLoader.java:356)
  org.apache.xerces.parsers.AbstractDOMParser.startDocument(Unknown Source)
  org.apache.xerces.impl.xs.XMLSchemaValidator.startDocument(Unknown Source)
  org.apache.xerces.impl.dtd.XMLDTDValidator.startDocument(Unknown Source)
  org.apache.xerces.impl.XMLDocumentScannerImpl.startEntity(Unknown Source)
  org.apache.xerces.impl.XMLVersionDetector.startDocumentParsing(Unknown Source)
  org.apache.xerces.parsers.XML11Configuration.parse(Unknown Source)
  org.apache.xerces.parsers.XML11Configuration.parse(Unknown Source)
  org.apache.xerces.parsers.XMLParser.parse(Unknown Source)
  org.apache.xerces.parsers.DOMParser.parse(Unknown Source)
  org.apache.xerces.jaxp.DocumentBuilderImpl.parse(Unknown Source)
  org.springframework.beans.factory.xml.DefaultDocumentLoader.loadDocument(DefaultDocumentLoader.java:75)
  org.springframework.beans.factory.xml.XmlBeanDefinitionReader.doLoadBeanDefinitions(XmlBeanDefinitionReader.java:388)
  org.springframework.beans.factory.xml.XmlBeanDefinitionReader.loadBeanDefinitions(XmlBeanDefinitionReader.java:334)
  org.springframework.beans.factory.xml.XmlBeanDefinitionReader.loadBeanDefinitions(XmlBeanDefinitionReader.java:302)
  org.springframework.beans.factory.support.AbstractBeanDefinitionReader.loadBeanDefinitions(AbstractBeanDefinitionReader.java:174)
  org.springframework.beans.factory.support.AbstractBeanDefinitionReader.loadBeanDefinitions(AbstractBeanDefinitionReader.java:209)
  org.springframework.beans.factory.support.AbstractBeanDefinitionReader.loadBeanDefinitions(AbstractBeanDefinitionReader.java:180)
  org.springframework.beans.factory.support.AbstractBeanDefinitionReader.loadBeanDefinitions(AbstractBeanDefinitionReader.java:243)
  org.springframework.test.context.support.AbstractGenericContextLoader.loadBeanDefinitions(AbstractGenericContextLoader.java:205)
  org.springframework.test.context.support.AbstractGenericContextLoader.loadContext(AbstractGenericContextLoader.java:100)
  org.springframework.test.context.support.AbstractGenericContextLoader.loadContext(AbstractGenericContextLoader.java:1)
  org.springframework.test.context.support.DelegatingSmartContextLoader.loadContext(DelegatingSmartContextLoader.java:228)
  org.springframework.test.context.TestContext.loadApplicationContext(TestContext.java:124)
  org.springframework.test.context.TestContext.getApplicationContext(TestContext.java:148)
  org.springframework.test.context.support.DependencyInjectionTestExecutionListener.injectDependencies(DependencyInjectionTestExecutionListener.java:109)
  org.springframework.test.context.support.DependencyInjectionTestExecutionListener.prepareTestInstance(DependencyInjectionTestExecutionListener.java:75)
  org.springframework.test.context.TestContextManager.prepareTestInstance(TestContextManager.java:321)
  org.springframework.test.context.testng.AbstractTestNGSpringContextTests.springTestContextPrepareTestInstance(AbstractTestNGSpringContextTests.java:133)
  sun.reflect.NativeMethodAccessorImpl.invoke0(Native Method)
  sun.reflect.NativeMethodAccessorImpl.invoke(NativeMethodAccessorImpl.java:57)
  sun.reflect.DelegatingMethodAccessorImpl.invoke(DelegatingMethodAccessorImpl.java:43)
  java.lang.reflect.Method.invoke(Method.java:601)
  org.testng.internal.MethodInvocationHelper.invokeMethod(MethodInvocationHelper.java:80)
  org.testng.internal.Invoker.invokeConfigurationMethod(Invoker.java:564)
  org.testng.internal.Invoker.invokeConfigurations(Invoker.java:213)
  org.testng.internal.Invoker.invokeConfigurations(Invoker.java:138)
  org.testng.internal.TestMethodWorker.invokeBeforeClassMethods(TestMethodWorker.java:175)
  org.testng.internal.TestMethodWorker.run(TestMethodWorker.java:107)
  org.testng.TestRunner.privateRun(TestRunner.java:767)
  org.testng.TestRunner.run(TestRunner.java:617)
  org.testng.SuiteRunner.runTest(SuiteRunner.java:334)
  org.testng.SuiteRunner.runSequentially(SuiteRunner.java:329)
  org.testng.SuiteRunner.privateRun(SuiteRunner.java:291)
  org.testng.SuiteRunner.run(SuiteRunner.java:240)
  org.testng.SuiteRunnerWorker.runSuite(SuiteRunnerWorker.java:52)
  org.testng.SuiteRunnerWorker.run(SuiteRunnerWorker.java:86)
  org.testng.TestNG.runSuitesSequentially(TestNG.java:1203)
  org.testng.TestNG.runSuitesLocally(TestNG.java:1128)
  org.testng.TestNG.run(TestNG.java:1036)
  org.testng.remote.RemoteTestNG.run(RemoteTestNG.java:111)
  org.testng.remote.RemoteTestNG.initAndRun(RemoteTestNG.java:204)
  org.testng.remote.RemoteTestNG.main(RemoteTestNG.java:175)
]]>
      </failure>

          </testcase>
  
            <testcase name="springTestContextBeforeTestMethod" time="0.0" classname="com.wonders.testcases.issueFields.TC_JIRA_ISSUE_005">
          <skipped />
    </testcase>
            <testcase name="setup" time="0.0" classname="com.wonders.testcases.issueFields.TC_JIRA_ISSUE_005">
          <skipped />
    </testcase>
            <testcase name="cleanup" time="0.0" classname="com.wonders.testcases.issueFields.TC_JIRA_ISSUE_005">
          <skipped />
    </testcase>
            <testcase name="setup" time="0.0" classname="com.wonders.testcases.issueFields.TC_JIRA_ISSUE_005">
          <skipped />
    </testcase>
            <testcase name="springTestContextBeforeTestMethod" time="0.0" classname="com.wonders.testcases.issueFields.TC_JIRA_ISSUE_005">
          <skipped />
    </testcase>
            <testcase name="cleanup" time="0.0" classname="com.wonders.testcases.issueFields.TC_JIRA_ISSUE_005">
          <skipped />
    </testcase>
            <testcase name="JIRA_ISSUE_005" time="0.0" classname="com.wonders.testcases.issueFields.TC_JIRA_ISSUE_005">
          <skipped />
    </testcase>
            <testcase name="JIRA_ISSUE_005" time="0.0" classname="com.wonders.testcases.issueFields.TC_JIRA_ISSUE_005">
          <skipped />
    </testcase>
  
  
</testsuite>
