<?xml version="1.0" encoding="UTF-8"?>
<testsuite name="Test"
           tests="3"
           failures="1"
           errors="0"
           skipped="2"
           time="0.001">
  <properties />
            <testcase name="setup" time="0.000" classname="com.wonders.testcases.base.TC_JIRA_BASE_001">
                <failure type="org.openqa.selenium.WebDriverException"
                  message="java.lang.NullPointerException: Unable to find executable for: C:\Program Files\Mozilla Firefox
Build info: version: &apos;2.31.0&apos;, revision: &apos;1bd294d185a80fa4206dfeab80ba773c04ac33c0&apos;, time: &apos;2013-02-27 13:51:26&apos;
System info: os.name: &apos;Windows 7&apos;, os.arch: &apos;x86&apos;, os.version: &apos;6.1&apos;, java.version: &apos;1.7.0_03&apos;
Driver info: driver.version: FirefoxDriver"
              >
<![CDATA[org.openqa.selenium.WebDriverException: java.lang.NullPointerException: Unable to find executable for: C:\Program Files\Mozilla Firefox
Build info: version: '2.31.0', revision: '1bd294d185a80fa4206dfeab80ba773c04ac33c0', time: '2013-02-27 13:51:26'
System info: os.name: 'Windows 7', os.arch: 'x86', os.version: '6.1', java.version: '1.7.0_03'
Driver info: driver.version: FirefoxDriver
  org.openqa.selenium.firefox.internal.NewProfileExtensionConnection.start(NewProfileExtensionConnection.java:126)
  org.openqa.selenium.firefox.FirefoxDriver.startClient(FirefoxDriver.java:244)
  org.openqa.selenium.remote.RemoteWebDriver.<init>(RemoteWebDriver.java:110)
  org.openqa.selenium.firefox.FirefoxDriver.<init>(FirefoxDriver.java:188)
  org.openqa.selenium.firefox.FirefoxDriver.<init>(FirefoxDriver.java:183)
  org.openqa.selenium.firefox.FirefoxDriver.<init>(FirefoxDriver.java:100)
  browser.webdriver.GenericRemoteWebDriverFactory.getGenericRemoteFireFoxDriver(GenericRemoteWebDriverFactory.java:91)
  browser.webdriver.GenericRemoteWebDriverFactory.getGenericRemoteFireFoxDriver(GenericRemoteWebDriverFactory.java:100)
  browser.webdriver.GenericRemoteWebDriverFactory.getGenericRemoteWebDriver(GenericRemoteWebDriverFactory.java:55)
  browser.common.GenericWebDriverFactory.getGenericWebDriver(GenericWebDriverFactory.java:17)
  browser.common.GenericWebDriverFactory.getGenericWebDriver(GenericWebDriverFactory.java:23)
  com.wonders.utils.BaseHome.Launch(BaseHome.java:15)
  com.wonders.testcases.base.TC_JIRA_BASE_001.setup(TC_JIRA_BASE_001.java:21)
  sun.reflect.NativeMethodAccessorImpl.invoke0(Native Method)
  sun.reflect.NativeMethodAccessorImpl.invoke(NativeMethodAccessorImpl.java:57)
  sun.reflect.DelegatingMethodAccessorImpl.invoke(DelegatingMethodAccessorImpl.java:43)
  java.lang.reflect.Method.invoke(Method.java:601)
  org.testng.internal.MethodInvocationHelper.invokeMethod(MethodInvocationHelper.java:80)
  org.testng.internal.Invoker.invokeConfigurationMethod(Invoker.java:564)
  org.testng.internal.Invoker.invokeConfigurations(Invoker.java:213)
  org.testng.internal.Invoker.invokeMethod(Invoker.java:653)
  org.testng.internal.Invoker.invokeTestMethod(Invoker.java:901)
  org.testng.internal.Invoker.invokeTestMethods(Invoker.java:1231)
  org.testng.internal.TestMethodWorker.invokeTestMethods(TestMethodWorker.java:128)
  org.testng.internal.TestMethodWorker.run(TestMethodWorker.java:111)
  org.testng.TestRunner.privateRun(TestRunner.java:767)
  org.testng.TestRunner.run(TestRunner.java:617)
  org.testng.SuiteRunner.runTest(SuiteRunner.java:334)
  org.testng.SuiteRunner.runSequentially(SuiteRunner.java:329)
  org.testng.SuiteRunner.privateRun(SuiteRunner.java:291)
  org.testng.SuiteRunner.run(SuiteRunner.java:240)
  org.testng.SuiteRunnerWorker.runSuite(SuiteRunnerWorker.java:52)
  org.testng.SuiteRunnerWorker.run(SuiteRunnerWorker.java:86)
  org.testng.TestNG.runSuitesSequentially(TestNG.java:1203)
  org.testng.TestNG.runSuitesLocally(TestNG.java:1128)
  org.testng.TestNG.run(TestNG.java:1036)
  org.testng.remote.RemoteTestNG.run(RemoteTestNG.java:111)
  org.testng.remote.RemoteTestNG.initAndRun(RemoteTestNG.java:204)
  org.testng.remote.RemoteTestNG.main(RemoteTestNG.java:175)
Caused by: java.lang.NullPointerException: Unable to find executable for: C:\Program Files\Mozilla Firefox
  com.google.common.base.Preconditions.checkNotNull(Preconditions.java:235)
  org.openqa.selenium.os.UnixProcess.<init>(UnixProcess.java:61)
  org.openqa.selenium.os.CommandLine.<init>(CommandLine.java:44)
  org.openqa.selenium.firefox.FirefoxBinary.startProfile(FirefoxBinary.java:96)
  org.openqa.selenium.firefox.FirefoxBinary.clean(FirefoxBinary.java:226)
  org.openqa.selenium.firefox.internal.NewProfileExtensionConnection.start(NewProfileExtensionConnection.java:79)
  org.openqa.selenium.firefox.FirefoxDriver.startClient(FirefoxDriver.java:244)
  org.openqa.selenium.remote.RemoteWebDriver.<init>(RemoteWebDriver.java:110)
  org.openqa.selenium.firefox.FirefoxDriver.<init>(FirefoxDriver.java:188)
  org.openqa.selenium.firefox.FirefoxDriver.<init>(FirefoxDriver.java:183)
  org.openqa.selenium.firefox.FirefoxDriver.<init>(FirefoxDriver.java:100)
  browser.webdriver.GenericRemoteWebDriverFactory.getGenericRemoteFireFoxDriver(GenericRemoteWebDriverFactory.java:91)
  browser.webdriver.GenericRemoteWebDriverFactory.getGenericRemoteFireFoxDriver(GenericRemoteWebDriverFactory.java:100)
  browser.webdriver.GenericRemoteWebDriverFactory.getGenericRemoteWebDriver(GenericRemoteWebDriverFactory.java:55)
  browser.common.GenericWebDriverFactory.getGenericWebDriver(GenericWebDriverFactory.java:17)
  browser.common.GenericWebDriverFactory.getGenericWebDriver(GenericWebDriverFactory.java:23)
  com.wonders.utils.BaseHome.Launch(BaseHome.java:15)
  com.wonders.testcases.base.TC_JIRA_BASE_001.setup(TC_JIRA_BASE_001.java:21)
  sun.reflect.NativeMethodAccessorImpl.invoke0(Native Method)
  sun.reflect.NativeMethodAccessorImpl.invoke(NativeMethodAccessorImpl.java:57)
  sun.reflect.DelegatingMethodAccessorImpl.invoke(DelegatingMethodAccessorImpl.java:43)
  java.lang.reflect.Method.invoke(Method.java:601)
  org.testng.internal.MethodInvocationHelper.invokeMethod(MethodInvocationHelper.java:80)
  org.testng.internal.Invoker.invokeConfigurationMethod(Invoker.java:564)
  org.testng.internal.Invoker.invokeConfigurations(Invoker.java:213)
  org.testng.internal.Invoker.invokeMethod(Invoker.java:653)
  org.testng.internal.Invoker.invokeTestMethod(Invoker.java:901)
  org.testng.internal.Invoker.invokeTestMethods(Invoker.java:1231)
  org.testng.internal.TestMethodWorker.invokeTestMethods(TestMethodWorker.java:128)
  org.testng.internal.TestMethodWorker.run(TestMethodWorker.java:111)
  org.testng.TestRunner.privateRun(TestRunner.java:767)
  org.testng.TestRunner.run(TestRunner.java:617)
  org.testng.SuiteRunner.runTest(SuiteRunner.java:334)
  org.testng.SuiteRunner.runSequentially(SuiteRunner.java:329)
  org.testng.SuiteRunner.privateRun(SuiteRunner.java:291)
  org.testng.SuiteRunner.run(SuiteRunner.java:240)
  org.testng.SuiteRunnerWorker.runSuite(SuiteRunnerWorker.java:52)
  org.testng.SuiteRunnerWorker.run(SuiteRunnerWorker.java:86)
  org.testng.TestNG.runSuitesSequentially(TestNG.java:1203)
  org.testng.TestNG.runSuitesLocally(TestNG.java:1128)
  org.testng.TestNG.run(TestNG.java:1036)
  org.testng.remote.RemoteTestNG.run(RemoteTestNG.java:111)
  org.testng.remote.RemoteTestNG.initAndRun(RemoteTestNG.java:204)
  org.testng.remote.RemoteTestNG.main(RemoteTestNG.java:175)
]]>
      </failure>

          </testcase>
  
            <testcase name="cleanup" time="0.0" classname="com.wonders.testcases.base.TC_JIRA_BASE_001">
          <skipped />
    </testcase>
            <testcase name="JIRA_BASE_001" time="0.0" classname="com.wonders.testcases.base.TC_JIRA_BASE_001">
          <skipped />
    </testcase>
  
  
</testsuite>
