<?xml version="1.0" encoding="UTF-8"?>
<testng-results skipped="0" failed="0" total="1" passed="1">
  <reporter-output>
  </reporter-output>
  <suite name="Default suite" duration-ms="43239" started-at="2013-04-30T12:29:26Z" finished-at="2013-04-30T12:30:09Z">
    <groups>
      <group name="normal">
        <method signature="TC_JIRA_BASE_003.JIRA_BASE_003()[pri:0, instance:com.wonders.testcases.base.TC_JIRA_BASE_003@7d30b3]" name="JIRA_BASE_003" class="com.wonders.testcases.base.TC_JIRA_BASE_003"/>
      </group> <!-- normal -->
      <group name="base">
        <method signature="TC_JIRA_BASE_003.JIRA_BASE_003()[pri:0, instance:com.wonders.testcases.base.TC_JIRA_BASE_003@7d30b3]" name="JIRA_BASE_003" class="com.wonders.testcases.base.TC_JIRA_BASE_003"/>
      </group> <!-- base -->
      <group name="test3">
        <method signature="TC_JIRA_BASE_003.JIRA_BASE_003()[pri:0, instance:com.wonders.testcases.base.TC_JIRA_BASE_003@7d30b3]" name="JIRA_BASE_003" class="com.wonders.testcases.base.TC_JIRA_BASE_003"/>
      </group> <!-- test3 -->
    </groups>
    <test name="Default test" duration-ms="43239" started-at="2013-04-30T12:29:26Z" finished-at="2013-04-30T12:30:09Z">
      <class name="com.wonders.testcases.base.TC_JIRA_BASE_003">
        <test-method status="PASS" signature="setup(java.lang.String)[pri:0, instance:com.wonders.testcases.base.TC_JIRA_BASE_003@7d30b3]" name="setup" is-config="true" duration-ms="21844" started-at="2013-04-30T20:29:26Z" finished-at="2013-04-30T20:29:48Z">
          <params>
            <param index="0">
              <value>
                <![CDATA[Chrome]]>
              </value>
            </param>
          </params>
          <reporter-output>
          </reporter-output>
        </test-method> <!-- setup -->
        <test-method status="PASS" signature="JIRA_BASE_003()[pri:0, instance:com.wonders.testcases.base.TC_JIRA_BASE_003@7d30b3]" name="JIRA_BASE_003" duration-ms="9801" started-at="2013-04-30T20:29:48Z" finished-at="2013-04-30T20:29:57Z">
          <reporter-output>
          </reporter-output>
        </test-method> <!-- JIRA_BASE_003 -->
        <test-method status="PASS" signature="cleanup()[pri:0, instance:com.wonders.testcases.base.TC_JIRA_BASE_003@7d30b3]" name="cleanup" is-config="true" duration-ms="11577" started-at="2013-04-30T20:29:57Z" finished-at="2013-04-30T20:30:09Z">
          <reporter-output>
          </reporter-output>
        </test-method> <!-- cleanup -->
      </class> <!-- com.wonders.testcases.base.TC_JIRA_BASE_003 -->
    </test> <!-- Default test -->
  </suite> <!-- Default suite -->
</testng-results>
